mode: set
github.com/Priyan-Fadhil-Supriyadi/mini-project/service/mock_car.go:11.55,13.2 1 1
github.com/Priyan-Fadhil-Supriyadi/mini-project/service/mock_car.go:14.48,15.21 1 0
github.com/Priyan-Fadhil-Supriyadi/mini-project/service/mock_car.go:17.72,18.21 1 0
github.com/Priyan-Fadhil-Supriyadi/mini-project/service/mock_car.go:20.69,22.2 1 1
github.com/Priyan-Fadhil-Supriyadi/mini-project/service/mock_car.go:23.51,25.2 1 1
github.com/Priyan-Fadhil-Supriyadi/mini-project/service/mock_depot.go:11.63,13.2 1 1
github.com/Priyan-Fadhil-Supriyadi/mini-project/service/mock_depot.go:14.54,15.21 1 0
github.com/Priyan-Fadhil-Supriyadi/mini-project/service/mock_depot.go:17.80,18.21 1 0
github.com/Priyan-Fadhil-Supriyadi/mini-project/service/mock_depot.go:20.77,22.2 1 1
github.com/Priyan-Fadhil-Supriyadi/mini-project/service/mock_depot.go:23.55,25.2 1 1
github.com/Priyan-Fadhil-Supriyadi/mini-project/service/mock_rent.go:11.59,13.2 1 1
github.com/Priyan-Fadhil-Supriyadi/mini-project/service/mock_rent.go:14.51,15.21 1 0
github.com/Priyan-Fadhil-Supriyadi/mini-project/service/mock_rent.go:17.76,18.21 1 0
github.com/Priyan-Fadhil-Supriyadi/mini-project/service/mock_rent.go:20.73,22.2 1 1
github.com/Priyan-Fadhil-Supriyadi/mini-project/service/mock_rent.go:23.53,25.2 1 1
github.com/Priyan-Fadhil-Supriyadi/mini-project/service/mock_user.go:11.59,13.2 1 1
github.com/Priyan-Fadhil-Supriyadi/mini-project/service/mock_user.go:14.51,15.21 1 0
github.com/Priyan-Fadhil-Supriyadi/mini-project/service/mock_user.go:17.76,18.21 1 0
github.com/Priyan-Fadhil-Supriyadi/mini-project/service/mock_user.go:20.85,21.21 1 0
github.com/Priyan-Fadhil-Supriyadi/mini-project/service/mock_user.go:23.73,25.2 1 1
github.com/Priyan-Fadhil-Supriyadi/mini-project/service/mock_user.go:26.53,28.2 1 1
github.com/Priyan-Fadhil-Supriyadi/mini-project/service/rent_service.go:16.60,18.2 1 1
github.com/Priyan-Fadhil-Supriyadi/mini-project/service/rent_service.go:20.77,22.19 2 1
github.com/Priyan-Fadhil-Supriyadi/mini-project/service/rent_service.go:25.2,25.43 1 1
github.com/Priyan-Fadhil-Supriyadi/mini-project/service/rent_service.go:22.19,24.3 1 1
github.com/Priyan-Fadhil-Supriyadi/mini-project/service/rent_service.go:28.52,30.2 1 0
github.com/Priyan-Fadhil-Supriyadi/mini-project/service/rent_service.go:32.59,34.2 1 0
github.com/Priyan-Fadhil-Supriyadi/mini-project/service/rent_service.go:36.48,38.2 1 1
github.com/Priyan-Fadhil-Supriyadi/mini-project/service/rent_service.go:40.99,45.2 1 1
github.com/Priyan-Fadhil-Supriyadi/mini-project/service/user_service.go:18.60,20.2 1 1
github.com/Priyan-Fadhil-Supriyadi/mini-project/service/user_service.go:22.77,24.19 2 1
github.com/Priyan-Fadhil-Supriyadi/mini-project/service/user_service.go:27.2,27.43 1 1
github.com/Priyan-Fadhil-Supriyadi/mini-project/service/user_service.go:24.19,26.3 1 1
github.com/Priyan-Fadhil-Supriyadi/mini-project/service/user_service.go:30.53,32.2 1 0
github.com/Priyan-Fadhil-Supriyadi/mini-project/service/user_service.go:34.59,36.2 1 0
github.com/Priyan-Fadhil-Supriyadi/mini-project/service/user_service.go:38.67,42.31 3 0
github.com/Priyan-Fadhil-Supriyadi/mini-project/service/user_service.go:46.2,47.16 2 0
github.com/Priyan-Fadhil-Supriyadi/mini-project/service/user_service.go:51.2,51.29 1 0
github.com/Priyan-Fadhil-Supriyadi/mini-project/service/user_service.go:42.31,44.3 1 0
github.com/Priyan-Fadhil-Supriyadi/mini-project/service/user_service.go:47.16,49.3 1 0
github.com/Priyan-Fadhil-Supriyadi/mini-project/service/user_service.go:54.48,56.2 1 1
github.com/Priyan-Fadhil-Supriyadi/mini-project/service/user_service.go:58.99,63.2 1 1
github.com/Priyan-Fadhil-Supriyadi/mini-project/service/car_service.go:16.56,18.2 1 1
github.com/Priyan-Fadhil-Supriyadi/mini-project/service/car_service.go:20.73,22.19 2 1
github.com/Priyan-Fadhil-Supriyadi/mini-project/service/car_service.go:25.2,25.41 1 1
github.com/Priyan-Fadhil-Supriyadi/mini-project/service/car_service.go:22.19,24.3 1 1
github.com/Priyan-Fadhil-Supriyadi/mini-project/service/car_service.go:28.49,30.2 1 0
github.com/Priyan-Fadhil-Supriyadi/mini-project/service/car_service.go:32.56,34.2 1 0
github.com/Priyan-Fadhil-Supriyadi/mini-project/service/car_service.go:36.46,38.2 1 1
github.com/Priyan-Fadhil-Supriyadi/mini-project/service/car_service.go:40.96,45.2 1 1
github.com/Priyan-Fadhil-Supriyadi/mini-project/service/depot_service.go:16.64,18.2 1 1
github.com/Priyan-Fadhil-Supriyadi/mini-project/service/depot_service.go:20.81,22.19 2 1
github.com/Priyan-Fadhil-Supriyadi/mini-project/service/depot_service.go:25.2,25.45 1 1
github.com/Priyan-Fadhil-Supriyadi/mini-project/service/depot_service.go:22.19,24.3 1 1
github.com/Priyan-Fadhil-Supriyadi/mini-project/service/depot_service.go:28.55,30.2 1 0
github.com/Priyan-Fadhil-Supriyadi/mini-project/service/depot_service.go:32.62,34.2 1 0
github.com/Priyan-Fadhil-Supriyadi/mini-project/service/depot_service.go:36.50,38.2 1 1
github.com/Priyan-Fadhil-Supriyadi/mini-project/service/depot_service.go:40.102,45.2 1 1
github.com/Priyan-Fadhil-Supriyadi/mini-project/repository/car_repository.go:15.67,17.26 2 0
github.com/Priyan-Fadhil-Supriyadi/mini-project/repository/car_repository.go:21.2,21.12 1 0
github.com/Priyan-Fadhil-Supriyadi/mini-project/repository/car_repository.go:17.26,19.3 1 0
github.com/Priyan-Fadhil-Supriyadi/mini-project/repository/car_repository.go:24.60,29.2 3 1
github.com/Priyan-Fadhil-Supriyadi/mini-project/repository/car_repository.go:31.84,33.26 2 0
github.com/Priyan-Fadhil-Supriyadi/mini-project/repository/car_repository.go:37.2,37.8 1 0
github.com/Priyan-Fadhil-Supriyadi/mini-project/repository/car_repository.go:33.26,35.3 1 0
github.com/Priyan-Fadhil-Supriyadi/mini-project/repository/car_repository.go:40.81,42.26 2 1
github.com/Priyan-Fadhil-Supriyadi/mini-project/repository/car_repository.go:46.2,46.12 1 1
github.com/Priyan-Fadhil-Supriyadi/mini-project/repository/car_repository.go:42.26,44.3 1 0
github.com/Priyan-Fadhil-Supriyadi/mini-project/repository/car_repository.go:49.63,54.26 2 1
github.com/Priyan-Fadhil-Supriyadi/mini-project/repository/car_repository.go:58.2,58.12 1 1
github.com/Priyan-Fadhil-Supriyadi/mini-project/repository/car_repository.go:54.26,56.3 1 0
github.com/Priyan-Fadhil-Supriyadi/mini-project/repository/car_repository.go:61.66,65.2 1 1
github.com/Priyan-Fadhil-Supriyadi/mini-project/repository/depot_repository.go:15.75,17.26 2 0
github.com/Priyan-Fadhil-Supriyadi/mini-project/repository/depot_repository.go:21.2,21.12 1 0
github.com/Priyan-Fadhil-Supriyadi/mini-project/repository/depot_repository.go:17.26,19.3 1 0
github.com/Priyan-Fadhil-Supriyadi/mini-project/repository/depot_repository.go:24.66,29.2 3 1
github.com/Priyan-Fadhil-Supriyadi/mini-project/repository/depot_repository.go:31.92,33.26 2 0
github.com/Priyan-Fadhil-Supriyadi/mini-project/repository/depot_repository.go:37.2,37.8 1 0
github.com/Priyan-Fadhil-Supriyadi/mini-project/repository/depot_repository.go:33.26,35.3 1 0
github.com/Priyan-Fadhil-Supriyadi/mini-project/repository/depot_repository.go:40.89,42.26 2 1
github.com/Priyan-Fadhil-Supriyadi/mini-project/repository/depot_repository.go:46.2,46.12 1 1
github.com/Priyan-Fadhil-Supriyadi/mini-project/repository/depot_repository.go:42.26,44.3 1 0
github.com/Priyan-Fadhil-Supriyadi/mini-project/repository/depot_repository.go:49.67,54.26 2 1
github.com/Priyan-Fadhil-Supriyadi/mini-project/repository/depot_repository.go:58.2,58.12 1 1
github.com/Priyan-Fadhil-Supriyadi/mini-project/repository/depot_repository.go:54.26,56.3 1 0
github.com/Priyan-Fadhil-Supriyadi/mini-project/repository/depot_repository.go:61.70,65.2 1 1
github.com/Priyan-Fadhil-Supriyadi/mini-project/repository/rent_repository.go:15.71,17.26 2 0
github.com/Priyan-Fadhil-Supriyadi/mini-project/repository/rent_repository.go:21.2,21.12 1 0
github.com/Priyan-Fadhil-Supriyadi/mini-project/repository/rent_repository.go:17.26,19.3 1 0
github.com/Priyan-Fadhil-Supriyadi/mini-project/repository/rent_repository.go:24.63,29.2 3 1
github.com/Priyan-Fadhil-Supriyadi/mini-project/repository/rent_repository.go:31.88,33.26 2 0
github.com/Priyan-Fadhil-Supriyadi/mini-project/repository/rent_repository.go:37.2,37.8 1 0
github.com/Priyan-Fadhil-Supriyadi/mini-project/repository/rent_repository.go:33.26,35.3 1 0
github.com/Priyan-Fadhil-Supriyadi/mini-project/repository/rent_repository.go:40.85,42.26 2 1
github.com/Priyan-Fadhil-Supriyadi/mini-project/repository/rent_repository.go:46.2,46.12 1 1
github.com/Priyan-Fadhil-Supriyadi/mini-project/repository/rent_repository.go:42.26,44.3 1 0
github.com/Priyan-Fadhil-Supriyadi/mini-project/repository/rent_repository.go:49.65,54.26 2 1
github.com/Priyan-Fadhil-Supriyadi/mini-project/repository/rent_repository.go:58.2,58.12 1 1
github.com/Priyan-Fadhil-Supriyadi/mini-project/repository/rent_repository.go:54.26,56.3 1 0
github.com/Priyan-Fadhil-Supriyadi/mini-project/repository/rent_repository.go:61.68,65.2 1 1
github.com/Priyan-Fadhil-Supriyadi/mini-project/repository/user_repository.go:15.71,17.26 2 0
github.com/Priyan-Fadhil-Supriyadi/mini-project/repository/user_repository.go:21.2,21.12 1 0
github.com/Priyan-Fadhil-Supriyadi/mini-project/repository/user_repository.go:17.26,19.3 1 0
github.com/Priyan-Fadhil-Supriyadi/mini-project/repository/user_repository.go:24.63,29.2 3 1
github.com/Priyan-Fadhil-Supriyadi/mini-project/repository/user_repository.go:31.88,33.26 2 0
github.com/Priyan-Fadhil-Supriyadi/mini-project/repository/user_repository.go:37.2,37.8 1 0
github.com/Priyan-Fadhil-Supriyadi/mini-project/repository/user_repository.go:33.26,35.3 1 0
github.com/Priyan-Fadhil-Supriyadi/mini-project/repository/user_repository.go:40.97,42.26 2 0
github.com/Priyan-Fadhil-Supriyadi/mini-project/repository/user_repository.go:46.2,46.18 1 0
github.com/Priyan-Fadhil-Supriyadi/mini-project/repository/user_repository.go:42.26,44.3 1 0
github.com/Priyan-Fadhil-Supriyadi/mini-project/repository/user_repository.go:49.85,51.26 2 1
github.com/Priyan-Fadhil-Supriyadi/mini-project/repository/user_repository.go:55.2,55.12 1 1
github.com/Priyan-Fadhil-Supriyadi/mini-project/repository/user_repository.go:51.26,53.3 1 0
github.com/Priyan-Fadhil-Supriyadi/mini-project/repository/user_repository.go:58.65,63.26 2 1
github.com/Priyan-Fadhil-Supriyadi/mini-project/repository/user_repository.go:67.2,67.12 1 1
github.com/Priyan-Fadhil-Supriyadi/mini-project/repository/user_repository.go:63.26,65.3 1 0
github.com/Priyan-Fadhil-Supriyadi/mini-project/repository/user_repository.go:70.68,74.2 1 1
github.com/Priyan-Fadhil-Supriyadi/mini-project/controller/mock_depot.go:12.68,16.2 2 1
github.com/Priyan-Fadhil-Supriyadi/mini-project/controller/mock_depot.go:17.85,19.2 1 0
github.com/Priyan-Fadhil-Supriyadi/mini-project/controller/mock_depot.go:20.59,22.2 1 1
github.com/Priyan-Fadhil-Supriyadi/mini-project/controller/mock_depot.go:23.66,25.2 1 0
github.com/Priyan-Fadhil-Supriyadi/mini-project/controller/mock_depot.go:26.54,28.2 1 1
github.com/Priyan-Fadhil-Supriyadi/mini-project/controller/mock_user.go:12.64,16.2 2 1
github.com/Priyan-Fadhil-Supriyadi/mini-project/controller/mock_user.go:17.81,19.2 1 0
github.com/Priyan-Fadhil-Supriyadi/mini-project/controller/mock_user.go:20.57,22.2 1 1
github.com/Priyan-Fadhil-Supriyadi/mini-project/controller/mock_user.go:23.63,25.2 1 0
github.com/Priyan-Fadhil-Supriyadi/mini-project/controller/mock_user.go:26.71,28.2 1 0
github.com/Priyan-Fadhil-Supriyadi/mini-project/controller/mock_user.go:29.52,31.2 1 1
github.com/Priyan-Fadhil-Supriyadi/mini-project/controller/rent_controller.go:18.70,23.16 4 1
github.com/Priyan-Fadhil-Supriyadi/mini-project/controller/rent_controller.go:29.2,32.4 1 1
github.com/Priyan-Fadhil-Supriyadi/mini-project/controller/rent_controller.go:23.16,27.3 1 1
github.com/Priyan-Fadhil-Supriyadi/mini-project/controller/rent_controller.go:35.70,46.16 8 0
github.com/Priyan-Fadhil-Supriyadi/mini-project/controller/rent_controller.go:52.2,56.4 1 0
github.com/Priyan-Fadhil-Supriyadi/mini-project/controller/rent_controller.go:46.16,50.3 1 0
github.com/Priyan-Fadhil-Supriyadi/mini-project/controller/rent_controller.go:59.70,64.16 4 1
github.com/Priyan-Fadhil-Supriyadi/mini-project/controller/rent_controller.go:70.2,72.4 1 1
github.com/Priyan-Fadhil-Supriyadi/mini-project/controller/rent_controller.go:64.16,68.3 1 0
github.com/Priyan-Fadhil-Supriyadi/mini-project/controller/rent_controller.go:75.67,79.16 4 0
github.com/Priyan-Fadhil-Supriyadi/mini-project/controller/rent_controller.go:83.2,84.16 2 0
github.com/Priyan-Fadhil-Supriyadi/mini-project/controller/rent_controller.go:90.2,93.4 1 0
github.com/Priyan-Fadhil-Supriyadi/mini-project/controller/rent_controller.go:79.17,81.3 0 0
github.com/Priyan-Fadhil-Supriyadi/mini-project/controller/rent_controller.go:84.16,88.3 1 0
github.com/Priyan-Fadhil-Supriyadi/mini-project/controller/rent_controller.go:96.68,103.2 2 1
github.com/Priyan-Fadhil-Supriyadi/mini-project/controller/car_controller.go:18.68,23.16 4 1
github.com/Priyan-Fadhil-Supriyadi/mini-project/controller/car_controller.go:29.2,32.4 1 1
github.com/Priyan-Fadhil-Supriyadi/mini-project/controller/car_controller.go:23.16,27.3 1 1
github.com/Priyan-Fadhil-Supriyadi/mini-project/controller/car_controller.go:35.68,46.16 8 0
github.com/Priyan-Fadhil-Supriyadi/mini-project/controller/car_controller.go:52.2,56.4 1 0
github.com/Priyan-Fadhil-Supriyadi/mini-project/controller/car_controller.go:46.16,50.3 1 0
github.com/Priyan-Fadhil-Supriyadi/mini-project/controller/car_controller.go:59.68,64.16 4 1
github.com/Priyan-Fadhil-Supriyadi/mini-project/controller/car_controller.go:70.2,72.4 1 1
github.com/Priyan-Fadhil-Supriyadi/mini-project/controller/car_controller.go:64.16,68.3 1 0
github.com/Priyan-Fadhil-Supriyadi/mini-project/controller/car_controller.go:75.65,79.16 4 0
github.com/Priyan-Fadhil-Supriyadi/mini-project/controller/car_controller.go:83.2,84.16 2 0
github.com/Priyan-Fadhil-Supriyadi/mini-project/controller/car_controller.go:90.2,93.4 1 0
github.com/Priyan-Fadhil-Supriyadi/mini-project/controller/car_controller.go:79.17,81.3 0 0
github.com/Priyan-Fadhil-Supriyadi/mini-project/controller/car_controller.go:84.16,88.3 1 0
github.com/Priyan-Fadhil-Supriyadi/mini-project/controller/car_controller.go:96.66,103.2 2 1
github.com/Priyan-Fadhil-Supriyadi/mini-project/controller/depot_controller.go:18.72,23.16 4 1
github.com/Priyan-Fadhil-Supriyadi/mini-project/controller/depot_controller.go:29.2,32.4 1 1
github.com/Priyan-Fadhil-Supriyadi/mini-project/controller/depot_controller.go:23.16,27.3 1 1
github.com/Priyan-Fadhil-Supriyadi/mini-project/controller/depot_controller.go:35.72,46.16 8 0
github.com/Priyan-Fadhil-Supriyadi/mini-project/controller/depot_controller.go:52.2,56.4 1 0
github.com/Priyan-Fadhil-Supriyadi/mini-project/controller/depot_controller.go:46.16,50.3 1 0
github.com/Priyan-Fadhil-Supriyadi/mini-project/controller/depot_controller.go:59.72,64.16 4 1
github.com/Priyan-Fadhil-Supriyadi/mini-project/controller/depot_controller.go:70.2,72.4 1 1
github.com/Priyan-Fadhil-Supriyadi/mini-project/controller/depot_controller.go:64.16,68.3 1 0
github.com/Priyan-Fadhil-Supriyadi/mini-project/controller/depot_controller.go:75.69,79.16 4 0
github.com/Priyan-Fadhil-Supriyadi/mini-project/controller/depot_controller.go:83.2,84.16 2 0
github.com/Priyan-Fadhil-Supriyadi/mini-project/controller/depot_controller.go:90.2,93.4 1 0
github.com/Priyan-Fadhil-Supriyadi/mini-project/controller/depot_controller.go:79.17,81.3 0 0
github.com/Priyan-Fadhil-Supriyadi/mini-project/controller/depot_controller.go:84.16,88.3 1 0
github.com/Priyan-Fadhil-Supriyadi/mini-project/controller/depot_controller.go:96.70,103.2 2 1
github.com/Priyan-Fadhil-Supriyadi/mini-project/controller/handler.go:16.53,37.67 6 0
github.com/Priyan-Fadhil-Supriyadi/mini-project/controller/handler.go:48.2,56.83 5 0
github.com/Priyan-Fadhil-Supriyadi/mini-project/controller/handler.go:37.67,41.5 1 0
github.com/Priyan-Fadhil-Supriyadi/mini-project/controller/handler.go:42.42,43.5 0 0
github.com/Priyan-Fadhil-Supriyadi/mini-project/controller/handler.go:59.52,80.67 6 0
github.com/Priyan-Fadhil-Supriyadi/mini-project/controller/handler.go:91.2,98.81 4 0
github.com/Priyan-Fadhil-Supriyadi/mini-project/controller/handler.go:80.67,84.5 1 0
github.com/Priyan-Fadhil-Supriyadi/mini-project/controller/handler.go:85.42,86.5 0 0
github.com/Priyan-Fadhil-Supriyadi/mini-project/controller/handler.go:101.54,122.67 6 0
github.com/Priyan-Fadhil-Supriyadi/mini-project/controller/handler.go:133.2,140.85 4 0
github.com/Priyan-Fadhil-Supriyadi/mini-project/controller/handler.go:122.67,126.5 1 0
github.com/Priyan-Fadhil-Supriyadi/mini-project/controller/handler.go:127.42,128.5 0 0
github.com/Priyan-Fadhil-Supriyadi/mini-project/controller/handler.go:143.53,164.67 6 0
github.com/Priyan-Fadhil-Supriyadi/mini-project/controller/handler.go:175.2,182.83 4 0
github.com/Priyan-Fadhil-Supriyadi/mini-project/controller/handler.go:164.67,168.5 1 0
github.com/Priyan-Fadhil-Supriyadi/mini-project/controller/handler.go:169.42,170.5 0 0
github.com/Priyan-Fadhil-Supriyadi/mini-project/controller/mock_car.go:12.60,16.2 2 1
github.com/Priyan-Fadhil-Supriyadi/mini-project/controller/mock_car.go:17.77,19.2 1 0
github.com/Priyan-Fadhil-Supriyadi/mini-project/controller/mock_car.go:20.53,22.2 1 1
github.com/Priyan-Fadhil-Supriyadi/mini-project/controller/mock_car.go:23.60,25.2 1 0
github.com/Priyan-Fadhil-Supriyadi/mini-project/controller/mock_car.go:26.50,28.2 1 1
github.com/Priyan-Fadhil-Supriyadi/mini-project/controller/mock_rent.go:12.64,16.2 2 1
github.com/Priyan-Fadhil-Supriyadi/mini-project/controller/mock_rent.go:17.81,19.2 1 0
github.com/Priyan-Fadhil-Supriyadi/mini-project/controller/mock_rent.go:20.56,22.2 1 1
github.com/Priyan-Fadhil-Supriyadi/mini-project/controller/mock_rent.go:23.63,25.2 1 0
github.com/Priyan-Fadhil-Supriyadi/mini-project/controller/mock_rent.go:26.52,28.2 1 1
github.com/Priyan-Fadhil-Supriyadi/mini-project/controller/user_controller.go:18.70,23.16 4 1
github.com/Priyan-Fadhil-Supriyadi/mini-project/controller/user_controller.go:29.2,32.4 1 1
github.com/Priyan-Fadhil-Supriyadi/mini-project/controller/user_controller.go:23.16,27.3 1 1
github.com/Priyan-Fadhil-Supriyadi/mini-project/controller/user_controller.go:35.70,46.16 8 0
github.com/Priyan-Fadhil-Supriyadi/mini-project/controller/user_controller.go:52.2,56.4 1 0
github.com/Priyan-Fadhil-Supriyadi/mini-project/controller/user_controller.go:46.16,50.3 1 0
github.com/Priyan-Fadhil-Supriyadi/mini-project/controller/user_controller.go:59.70,64.16 4 1
github.com/Priyan-Fadhil-Supriyadi/mini-project/controller/user_controller.go:70.2,72.4 1 1
github.com/Priyan-Fadhil-Supriyadi/mini-project/controller/user_controller.go:64.16,68.3 1 0
github.com/Priyan-Fadhil-Supriyadi/mini-project/controller/user_controller.go:75.67,79.16 4 0
github.com/Priyan-Fadhil-Supriyadi/mini-project/controller/user_controller.go:83.2,84.16 2 0
github.com/Priyan-Fadhil-Supriyadi/mini-project/controller/user_controller.go:90.2,93.4 1 0
github.com/Priyan-Fadhil-Supriyadi/mini-project/controller/user_controller.go:79.17,81.3 0 0
github.com/Priyan-Fadhil-Supriyadi/mini-project/controller/user_controller.go:84.16,88.3 1 0
github.com/Priyan-Fadhil-Supriyadi/mini-project/controller/user_controller.go:96.68,103.2 2 1
github.com/Priyan-Fadhil-Supriyadi/mini-project/controller/user_controller.go:105.69,111.20 4 0
github.com/Priyan-Fadhil-Supriyadi/mini-project/controller/user_controller.go:123.2,126.10 1 0
github.com/Priyan-Fadhil-Supriyadi/mini-project/controller/user_controller.go:112.31,115.11 1 0
github.com/Priyan-Fadhil-Supriyadi/mini-project/controller/user_controller.go:117.38,120.11 1 0
